{
  "RSpec": {
    "coverage": {
      "/Users/Guest/Desktop/flickr-clone-rails/spec/features/create_comment_pages_spec.rb": [
        1,
        null,
        0,
        0,
        0,
        0,
        0,
        0,
        0,
        0,
        0,
        null,
        null,
        0,
        0,
        0,
        0,
        null,
        null,
        0,
        0,
        0,
        null,
        null
      ],
      "/Users/Guest/Desktop/flickr-clone-rails/spec/rails_helper.rb": [
        1,
        1,
        1,
        1,
        1,
        1,
        null,
        1,
        null,
        0,
        0,
        0,
        0,
        0,
        null,
        null,
        0,
        0,
        0,
        0,
        null,
        null
      ],
      "/Users/Guest/Desktop/flickr-clone-rails/config/environment.rb": [
        null,
        1,
        null,
        null,
        1
      ],
      "/Users/Guest/Desktop/flickr-clone-rails/config/application.rb": [
        1,
        null,
        1,
        null,
        1,
        1,
        1,
        1,
        1,
        1,
        1,
        1,
        null,
        null,
        null,
        null,
        1,
        null,
        1,
        1,
        null,
        null,
        null,
        null,
        null
      ],
      "/Users/Guest/Desktop/flickr-clone-rails/config/boot.rb": [
        1,
        null,
        1
      ],
      "/Users/Guest/Desktop/flickr-clone-rails/config/environments/test.rb": [
        1,
        1,
        1,
        1,
        1,
        null,
        null,
        null,
        1,
        1,
        null,
        1,
        null,
        1,
        1,
        null,
        1,
        null,
        1,
        null
      ],
      "/Users/Guest/Desktop/flickr-clone-rails/config/initializers/application_controller_renderer.rb": [
        null,
        null,
        null,
        null,
        null,
        null
      ],
      "/Users/Guest/Desktop/flickr-clone-rails/config/initializers/assets.rb": [
        null,
        null,
        null,
        1,
        null,
        null,
        null,
        null,
        null,
        null,
        null
      ],
      "/Users/Guest/Desktop/flickr-clone-rails/config/initializers/backtrace_silencers.rb": [
        null,
        null,
        null,
        null,
        null,
        null,
        null
      ],
      "/Users/Guest/Desktop/flickr-clone-rails/config/initializers/cookies_serializer.rb": [
        null,
        null,
        null,
        null,
        1
      ],
      "/Users/Guest/Desktop/flickr-clone-rails/config/initializers/devise.rb": [
        null,
        null,
        1,
        null,
        null,
        null,
        null,
        null,
        null,
        null,
        null,
        null,
        null,
        null,
        1,
        null,
        null,
        null,
        null,
        null,
        null,
        null,
        null,
        null,
        null,
        null,
        1,
        null,
        null,
        null,
        null,
        null,
        null,
        null,
        null,
        null,
        null,
        null,
        null,
        null,
        null,
        null,
        null,
        null,
        null,
        null,
        null,
        null,
        1,
        null,
        null,
        null,
        null,
        1,
        null,
        null,
        null,
        null,
        null,
        null,
        null,
        null,
        null,
        null,
        null,
        null,
        null,
        null,
        null,
        null,
        null,
        null,
        null,
        null,
        null,
        null,
        null,
        null,
        null,
        null,
        null,
        null,
        null,
        null,
        1,
        null,
        null,
        null,
        null,
        null,
        null,
        null,
        null,
        null,
        null,
        null,
        null,
        null,
        null,
        null,
        null,
        null,
        null,
        null,
        null,
        null,
        null,
        1,
        null,
        null,
        null,
        null,
        null,
        null,
        null,
        null,
        null,
        null,
        null,
        null,
        null,
        null,
        null,
        null,
        null,
        null,
        null,
        null,
        null,
        null,
        null,
        null,
        null,
        null,
        null,
        1,
        null,
        null,
        null,
        null,
        null,
        null,
        null,
        null,
        null,
        1,
        null,
        null,
        null,
        null,
        null,
        null,
        null,
        null,
        null,
        null,
        1,
        null,
        null,
        null,
        null,
        1,
        null,
        null,
        null,
        null,
        null,
        null,
        null,
        null,
        null,
        null,
        null,
        null,
        null,
        null,
        null,
        null,
        null,
        null,
        null,
        null,
        null,
        null,
        null,
        null,
        null,
        null,
        null,
        null,
        null,
        null,
        null,
        null,
        null,
        null,
        null,
        null,
        null,
        null,
        null,
        null,
        1,
        null,
        null,
        null,
        null,
        null,
        null,
        null,
        null,
        null,
        null,
        null,
        null,
        null,
        null,
        null,
        null,
        null,
        null,
        null,
        null,
        null,
        null,
        null,
        null,
        null,
        null,
        null,
        null,
        null,
        null,
        null,
        null,
        null,
        null,
        null,
        null,
        null,
        null,
        null,
        null,
        null,
        1,
        null,
        null,
        null,
        null,
        null,
        null,
        null,
        null,
        null,
        null,
        null,
        null,
        null,
        null,
        null,
        null,
        null,
        null,
        null,
        null,
        null,
        null,
        null,
        null,
        null,
        null,
        null,
        null,
        null
      ],
      "/Users/Guest/Desktop/flickr-clone-rails/config/initializers/filter_parameter_logging.rb": [
        null,
        null,
        null,
        1
      ],
      "/Users/Guest/Desktop/flickr-clone-rails/config/initializers/inflections.rb": [
        null,
        null,
        null,
        null,
        null,
        null,
        null,
        null,
        null,
        null,
        null,
        null,
        null,
        null,
        null,
        null
      ],
      "/Users/Guest/Desktop/flickr-clone-rails/config/initializers/mime_types.rb": [
        null,
        null,
        null,
        null
      ],
      "/Users/Guest/Desktop/flickr-clone-rails/config/initializers/new_framework_defaults.rb": [
        null,
        null,
        null,
        null,
        null,
        null,
        null,
        1,
        null,
        null,
        1,
        null,
        null,
        null,
        1,
        null,
        null,
        1,
        null,
        null,
        1,
        null,
        null,
        1
      ],
      "/Users/Guest/Desktop/flickr-clone-rails/config/initializers/session_store.rb": [
        null,
        null,
        1
      ],
      "/Users/Guest/Desktop/flickr-clone-rails/config/initializers/wrap_parameters.rb": [
        null,
        null,
        null,
        null,
        null,
        null,
        1,
        2,
        null,
        null,
        null,
        null,
        null,
        null
      ],
      "/Users/Guest/Desktop/flickr-clone-rails/config/routes.rb": [
        1,
        1,
        1,
        null,
        1,
        1,
        1,
        null,
        null,
        1,
        1,
        1,
        null,
        null
      ],
      "/Users/Guest/Desktop/flickr-clone-rails/app/models/user.rb": [
        1,
        null,
        null,
        1,
        null,
        1,
        1,
        null,
        1,
        1,
        null
      ],
      "/Users/Guest/Desktop/flickr-clone-rails/app/controllers/application_controller.rb": [
        1,
        1,
        1,
        1,
        null,
        null,
        1,
        1,
        0,
        0,
        null,
        0,
        0,
        null,
        0,
        0,
        null,
        null,
        null
      ],
      "/Users/Guest/Desktop/flickr-clone-rails/app/helpers/application_helper.rb": [
        1,
        null
      ],
      "/Users/Guest/Desktop/flickr-clone-rails/app/helpers/photos_helper.rb": [
        1,
        null
      ],
      "/Users/Guest/Desktop/flickr-clone-rails/app/channels/application_cable/channel.rb": [
        1,
        1,
        null,
        null
      ],
      "/Users/Guest/Desktop/flickr-clone-rails/app/channels/application_cable/connection.rb": [
        1,
        1,
        null,
        null
      ],
      "/Users/Guest/Desktop/flickr-clone-rails/app/controllers/comments_controller.rb": [
        1,
        1,
        0,
        0,
        0,
        null,
        null,
        1,
        0,
        0,
        0,
        0,
        0,
        null,
        0,
        0,
        null,
        null,
        null,
        1,
        1,
        0,
        null,
        null
      ],
      "/Users/Guest/Desktop/flickr-clone-rails/app/controllers/photos_controller.rb": [
        1,
        1,
        0,
        null,
        null,
        1,
        0,
        0,
        null,
        null,
        1,
        0,
        null,
        null,
        1,
        0,
        0,
        0,
        null,
        0,
        null,
        null,
        null,
        1,
        0,
        0,
        null,
        null,
        1,
        0,
        0,
        0,
        null,
        null,
        1,
        0,
        0,
        0,
        0,
        null,
        0,
        null,
        null,
        null,
        null,
        1,
        1,
        0,
        null,
        null
      ],
      "/Users/Guest/Desktop/flickr-clone-rails/app/controllers/tags_controller.rb": [
        1,
        null,
        null
      ],
      "/Users/Guest/Desktop/flickr-clone-rails/app/controllers/users_controller.rb": [
        1,
        1,
        0,
        null,
        null,
        1,
        0,
        0,
        0,
        0,
        null,
        0,
        null,
        null,
        null,
        1,
        1,
        0,
        null,
        null
      ],
      "/Users/Guest/Desktop/flickr-clone-rails/app/controllers/welcome_controller.rb": [
        1,
        1,
        1,
        null,
        null
      ],
      "/Users/Guest/Desktop/flickr-clone-rails/app/jobs/application_job.rb": [
        1,
        null
      ],
      "/Users/Guest/Desktop/flickr-clone-rails/app/mailers/application_mailer.rb": [
        1,
        1,
        1,
        null
      ],
      "/Users/Guest/Desktop/flickr-clone-rails/app/models/application_record.rb": [
        1,
        1,
        null
      ],
      "/Users/Guest/Desktop/flickr-clone-rails/app/models/comment.rb": [
        1,
        1,
        1,
        1,
        null
      ],
      "/Users/Guest/Desktop/flickr-clone-rails/app/models/photo.rb": [
        1,
        1,
        1,
        1,
        1,
        null,
        1,
        1,
        null
      ],
      "/Users/Guest/Desktop/flickr-clone-rails/app/models/tag.rb": [
        1,
        1,
        1,
        null
      ],
      "/Users/Guest/Desktop/flickr-clone-rails/spec/factories.rb": [
        1,
        1,
        1,
        1,
        1,
        null,
        null,
        1,
        1,
        1,
        1,
        null,
        null,
        null,
        1,
        1,
        1,
        1,
        null,
        null
      ]
    },
    "timestamp": 1487287837
  }
}
